c:\users\akram.hassan\downloads\project\project framework\debug\vc143.pdb
c:\users\akram.hassan\downloads\project\project framework\debug\vc143.idb
c:\users\akram.hassan\downloads\project\project framework\debug\saveaction.sbr
c:\users\akram.hassan\downloads\project\project framework\debug\main.sbr
c:\users\akram.hassan\downloads\project\project framework\debug\applicationmanager.sbr
c:\users\akram.hassan\downloads\project\project framework\debug\gui.sbr
c:\users\akram.hassan\downloads\project\project framework\debug\actionaddsquare.sbr
c:\users\akram.hassan\downloads\project\project framework\debug\csquare.sbr
c:\users\akram.hassan\downloads\project\project framework\debug\cfigure.sbr
c:\users\akram.hassan\downloads\project\project framework\debug\exit.sbr
c:\users\akram.hassan\downloads\project\project framework\debug\windowinput.sbr
c:\users\akram.hassan\downloads\project\project framework\debug\mousequeue.sbr
c:\users\akram.hassan\downloads\project\project framework\debug\keyqueue.sbr
c:\users\akram.hassan\downloads\project\project framework\debug\image.sbr
c:\users\akram.hassan\downloads\project\project framework\debug\cmugraphics.sbr
c:\users\akram.hassan\downloads\project\project framework\debug\auxil.sbr
c:\users\akram.hassan\downloads\project\project framework\debug\auxil.obj
c:\users\akram.hassan\downloads\project\project framework\debug\cmugraphics.obj
c:\users\akram.hassan\downloads\project\project framework\debug\image.obj
c:\users\akram.hassan\downloads\project\project framework\debug\keyqueue.obj
c:\users\akram.hassan\downloads\project\project framework\debug\mousequeue.obj
c:\users\akram.hassan\downloads\project\project framework\debug\windowinput.obj
c:\users\akram.hassan\downloads\project\project framework\debug\exit.obj
c:\users\akram.hassan\downloads\project\project framework\debug\cfigure.obj
c:\users\akram.hassan\downloads\project\project framework\debug\csquare.obj
c:\users\akram.hassan\downloads\project\project framework\debug\actionaddsquare.obj
c:\users\akram.hassan\downloads\project\project framework\debug\gui.obj
c:\users\akram.hassan\downloads\project\project framework\debug\applicationmanager.obj
c:\users\akram.hassan\downloads\project\project framework\debug\main.obj
c:\users\akram.hassan\downloads\project\project framework\debug\saveaction.obj
c:\users\akram.hassan\downloads\project\project framework\debug\jutils.sbr
c:\users\akram.hassan\downloads\project\project framework\debug\jquant2.sbr
c:\users\akram.hassan\downloads\project\project framework\debug\jquant1.sbr
c:\users\akram.hassan\downloads\project\project framework\debug\jmemnobs.sbr
c:\users\akram.hassan\downloads\project\project framework\debug\jmemmgr.sbr
c:\users\akram.hassan\downloads\project\project framework\debug\jidctred.sbr
c:\users\akram.hassan\downloads\project\project framework\debug\jidctint.sbr
c:\users\akram.hassan\downloads\project\project framework\debug\jidctfst.sbr
c:\users\akram.hassan\downloads\project\project framework\debug\jidctflt.sbr
c:\users\akram.hassan\downloads\project\project framework\debug\jerror.sbr
c:\users\akram.hassan\downloads\project\project framework\debug\jdtrans.sbr
c:\users\akram.hassan\downloads\project\project framework\debug\jdsample.sbr
c:\users\akram.hassan\downloads\project\project framework\debug\jdpostct.sbr
c:\users\akram.hassan\downloads\project\project framework\debug\jdphuff.sbr
c:\users\akram.hassan\downloads\project\project framework\debug\jdmerge.sbr
c:\users\akram.hassan\downloads\project\project framework\debug\jdmaster.sbr
c:\users\akram.hassan\downloads\project\project framework\debug\jdmarker.sbr
c:\users\akram.hassan\downloads\project\project framework\debug\jdmainct.sbr
c:\users\akram.hassan\downloads\project\project framework\debug\jdinput.sbr
c:\users\akram.hassan\downloads\project\project framework\debug\jdhuff.sbr
c:\users\akram.hassan\downloads\project\project framework\debug\jdhuff.obj
c:\users\akram.hassan\downloads\project\project framework\debug\jdinput.obj
c:\users\akram.hassan\downloads\project\project framework\debug\jdmainct.obj
c:\users\akram.hassan\downloads\project\project framework\debug\jdmarker.obj
c:\users\akram.hassan\downloads\project\project framework\debug\jdmaster.obj
c:\users\akram.hassan\downloads\project\project framework\debug\jdmerge.obj
c:\users\akram.hassan\downloads\project\project framework\debug\jdphuff.obj
c:\users\akram.hassan\downloads\project\project framework\debug\jdpostct.obj
c:\users\akram.hassan\downloads\project\project framework\debug\jdsample.obj
c:\users\akram.hassan\downloads\project\project framework\debug\jdtrans.obj
c:\users\akram.hassan\downloads\project\project framework\debug\jerror.obj
c:\users\akram.hassan\downloads\project\project framework\debug\jidctflt.obj
c:\users\akram.hassan\downloads\project\project framework\debug\jidctfst.obj
c:\users\akram.hassan\downloads\project\project framework\debug\jidctint.obj
c:\users\akram.hassan\downloads\project\project framework\debug\jidctred.obj
c:\users\akram.hassan\downloads\project\project framework\debug\jmemmgr.obj
c:\users\akram.hassan\downloads\project\project framework\debug\jmemnobs.obj
c:\users\akram.hassan\downloads\project\project framework\debug\jquant1.obj
c:\users\akram.hassan\downloads\project\project framework\debug\jquant2.obj
c:\users\akram.hassan\downloads\project\project framework\debug\jutils.obj
c:\users\akram.hassan\downloads\project\project framework\debug\jddctmgr.sbr
c:\users\akram.hassan\downloads\project\project framework\debug\jdcolor.sbr
c:\users\akram.hassan\downloads\project\project framework\debug\jdcoefct.sbr
c:\users\akram.hassan\downloads\project\project framework\debug\jdatasrc.sbr
c:\users\akram.hassan\downloads\project\project framework\debug\jdapistd.sbr
c:\users\akram.hassan\downloads\project\project framework\debug\jdapimin.sbr
c:\users\akram.hassan\downloads\project\project framework\debug\jcparam.sbr
c:\users\akram.hassan\downloads\project\project framework\debug\jcomapi.sbr
c:\users\akram.hassan\downloads\project\project framework\debug\jpegload.sbr
c:\users\akram.hassan\downloads\project\project framework\debug\jpegload.obj
c:\users\akram.hassan\downloads\project\project framework\debug\jcomapi.obj
c:\users\akram.hassan\downloads\project\project framework\debug\jcparam.obj
c:\users\akram.hassan\downloads\project\project framework\debug\jdapimin.obj
c:\users\akram.hassan\downloads\project\project framework\debug\jdapistd.obj
c:\users\akram.hassan\downloads\project\project framework\debug\jdatasrc.obj
c:\users\akram.hassan\downloads\project\project framework\debug\jdcoefct.obj
c:\users\akram.hassan\downloads\project\project framework\debug\jdcolor.obj
c:\users\akram.hassan\downloads\project\project framework\debug\jddctmgr.obj
c:\users\akram.hassan\downloads\project\project framework\debug\input.sbr
c:\users\akram.hassan\downloads\project\project framework\debug\input.obj
c:\users\akram.hassan\downloads\project\project framework\debug\pt project.pdb
c:\users\akram.hassan\downloads\project\project framework\debug\pt project.tlog\cl.command.1.tlog
c:\users\akram.hassan\downloads\project\project framework\debug\pt project.tlog\cl.read.1.tlog
c:\users\akram.hassan\downloads\project\project framework\debug\pt project.tlog\cl.write.1.tlog
c:\users\akram.hassan\downloads\project\project framework\debug\pt project.tlog\link-cvtres.read.1.tlog
c:\users\akram.hassan\downloads\project\project framework\debug\pt project.tlog\link-cvtres.write.1.tlog
c:\users\akram.hassan\downloads\project\project framework\debug\pt project.tlog\link-rc.read.1.tlog
c:\users\akram.hassan\downloads\project\project framework\debug\pt project.tlog\link-rc.write.1.tlog
c:\users\akram.hassan\downloads\project\project framework\debug\pt project.tlog\link.command.1.tlog
c:\users\akram.hassan\downloads\project\project framework\debug\pt project.tlog\link.read.1.tlog
c:\users\akram.hassan\downloads\project\project framework\debug\pt project.tlog\link.write.1.tlog
